============================= test session starts ==============================
platform linux -- Python 3.12.12, pytest-9.0.2, pluggy-1.6.0
rootdir: /app
configfile: pyproject.toml
plugins: Faker-40.4.0, anyio-4.12.1
collected 110 items

ArkheOS/tests/test_algebra.py ....                                       [  3%]
ArkheOS/tests/test_api_physics.py ....                                   [  7%]
ArkheOS/tests/test_arkhe_unix.py ....                                    [ 10%]
ArkheOS/tests/test_bio_dialysis.py ...                                   [ 13%]
ArkheOS/tests/test_civilization.py ....                                  [ 17%]
ArkheOS/tests/test_collective_navigation.py ...                          [ 20%]
ArkheOS/tests/test_convergence_features.py ..............                [ 32%]
ArkheOS/tests/test_convergence_final.py ...                              [ 35%]
ArkheOS/tests/test_convergence_v2.py ...                                 [ 38%]
ArkheOS/tests/test_council.py ..                                         [ 40%]
ArkheOS/tests/test_coupling.py ......                                    [ 45%]
ArkheOS/tests/test_final_synthesis.py ...                                [ 48%]
ArkheOS/tests/test_handover_30.py ..F.                                   [ 51%]
ArkheOS/tests/test_maturity.py ...                                       [ 54%]
ArkheOS/tests/test_memory_garden.py ..                                   [ 56%]
ArkheOS/tests/test_molecular_resilience.py ....                          [ 60%]
ArkheOS/tests/test_neuralink.py ..                                       [ 61%]
ArkheOS/tests/test_neuro_composition.py ...                              [ 64%]
ArkheOS/tests/test_new_tracks.py .....                                   [ 69%]
ArkheOS/tests/test_rejuvenation.py ...                                   [ 71%]
ArkheOS/tests/test_scaling_resilience.py ......                          [ 77%]
ArkheOS/tests/test_topology.py ....                                      [ 80%]
ArkheOS/tests/test_triune_lysosome.py ....                               [ 84%]
ArkheOS/tests/test_universal_law.py ....                                 [ 88%]
ArkheOS/tests/test_vitality_gluon.py ...                                 [ 90%]
ArkheOS/tests/test_viz_final.py ...                                      [ 93%]
ArkheOS/tests/test_wifi_radar.py ...                                     [ 96%]
ArkheOS/tests/test_witness_synthesis.py ....                             [100%]

=================================== FAILURES ===================================
_______________________ test_inter_consciousness_summary _______________________

    def test_inter_consciousness_summary():
        summary = get_inter_consciousness_summary()
        assert summary["Protocol"] == "IBC=BCI"
>       assert summary["Core_Invariant"] == "Satoshi (7.27 bits)"
E       AssertionError: assert 'Satoshi (8.88 bits)' == 'Satoshi (7.27 bits)'
E
E         - Satoshi (7.27 bits)
E         ?          ^ ^^
E         + Satoshi (8.88 bits)
E         ?          ^ ^^

ArkheOS/tests/test_handover_30.py:18: AssertionError
=============================== warnings summary ===============================
ArkheOS/tests/test_convergence_features.py::test_semantic_memory_integration
  /app/ArkheOS/tests/test_convergence_features.py:39: DeprecationWarning: datetime.datetime.utcnow() is deprecated and scheduled for removal in a future version. Use timezone-aware objects to represent datetimes in UTC: datetime.datetime.now(datetime.UTC).
    last_seen=datetime.utcnow(),

ArkheOS/tests/test_convergence_features.py::test_natural_economics
  /app/ArkheOS/src/arkhe/economics.py:47: DeprecationWarning: datetime.datetime.utcnow() is deprecated and scheduled for removal in a future version. Use timezone-aware objects to represent datetimes in UTC: datetime.datetime.now(datetime.UTC).
    report = PrizeReport(id=report_id, success_description=description, timestamp=datetime.utcnow())

ArkheOS/tests/test_convergence_features.py::test_natural_economics
  /app/ArkheOS/src/arkhe/economics.py:57: DeprecationWarning: datetime.datetime.utcnow() is deprecated and scheduled for removal in a future version. Use timezone-aware objects to represent datetimes in UTC: datetime.datetime.now(datetime.UTC).
    timestamp=datetime.utcnow()

ArkheOS/tests/test_convergence_features.py::test_photonics
ArkheOS/tests/test_convergence_features.py::test_photonics
  /app/ArkheOS/src/arkhe/photonics.py:34: DeprecationWarning: datetime.datetime.utcnow() is deprecated and scheduled for removal in a future version. Use timezone-aware objects to represent datetimes in UTC: datetime.datetime.now(datetime.UTC).
    timestamp=datetime.utcnow().isoformat()

ArkheOS/tests/test_convergence_v2.py::test_geodesic_memory_conflict_resolution
  /app/ArkheOS/tests/test_convergence_v2.py:54: DeprecationWarning: datetime.datetime.utcnow() is deprecated and scheduled for removal in a future version. Use timezone-aware objects to represent datetimes in UTC: datetime.datetime.now(datetime.UTC).
    last_seen=datetime.utcnow()

-- Docs: https://docs.pytest.org/en/stable/how-to/capture-warnings.html
=========================== short test summary info ============================
FAILED ArkheOS/tests/test_handover_30.py::test_inter_consciousness_summary - ...
================== 1 failed, 109 passed, 6 warnings in 0.96s ===================
